23:39:55.209 INFO - Selenium build info: version: '3.4.0', revision: 'unknown'
23:39:55.209 INFO - Launching a standalone Selenium Server
2019-07-29 23:39:55.240:INFO::main: Logging initialized @357ms to org.seleniumhq.jetty9.util.log.StdErrLog
23:39:55.302 INFO - Driver class not found: com.opera.core.systems.OperaDriver
23:39:55.302 INFO - Driver provider com.opera.core.systems.OperaDriver registration is skipped:
Unable to create new instances on this machine.
23:39:55.302 INFO - Driver class not found: com.opera.core.systems.OperaDriver
23:39:55.302 INFO - Driver provider com.opera.core.systems.OperaDriver is not registered
23:39:55.302 INFO - Driver provider org.openqa.selenium.safari.SafariDriver registration is skipped:
 registration capabilities Capabilities [{browserName=safari, version=, platform=MAC}] does not match the current platform VISTA
2019-07-29 23:39:55.349:INFO:osjs.Server:main: jetty-9.4.3.v20170317
2019-07-29 23:39:55.412:INFO:osjsh.ContextHandler:main: Started o.s.j.s.ServletContextHandler@14acaea5{/,null,AVAILABLE}
2019-07-29 23:39:55.648:INFO:osjs.AbstractConnector:main: Started ServerConnector@5bcab519{HTTP/1.1,[http/1.1]}{0.0.0.0:4444}
2019-07-29 23:39:55.648:INFO:osjs.Server:main: Started @762ms
23:39:55.648 INFO - Selenium Server is up and running
23:39:55.929 INFO - SessionCleaner initialized with insideBrowserTimeout 0 and clientGoneTimeout 1800000 polling every 180000
23:39:55.965 INFO - Executing: [new session: Capabilities [{acceptSslCerts=true, marionette=true, name=Test Shopping Cart, browserName=chrome, javascriptEnabled=true, platform=ANY}]])
23:39:55.984 INFO - Creating a new session for Capabilities [{acceptSslCerts=true, marionette=true, name=Test Shopping Cart, browserName=chrome, javascriptEnabled=true, platform=ANY}]
Starting ChromeDriver 74.0.3729.6 (255758eccf3d244491b8a1317aa76e1ce10d57e9-refs/branch-heads/3729@{#29}) on port 33538
Only local connections are allowed.
Please protect ports used by ChromeDriver and related test frameworks to prevent access by malicious code.
[1564457998.290][WARNING]: This version of ChromeDriver has not been tested with Chrome version 75.
23:39:59.421 INFO - Detected dialect: OSS
23:39:59.470 INFO - Done: [new session: Capabilities [{acceptSslCerts=true, marionette=true, name=Test Shopping Cart, browserName=chrome, javascriptEnabled=true, platform=ANY}]]
23:39:59.501 INFO - Executing: [get: https://react-shopping-cart-67954.firebaseapp.com/])
23:40:00.600 INFO - Done: [get: https://react-shopping-cart-67954.firebaseapp.com/]
23:40:00.624 INFO - Executing: [find elements: By.xpath: //*[@class='products-found']/span])
23:40:00.711 INFO - Done: [find elements: By.xpath: //*[@class='products-found']/span]
23:40:00.733 INFO - Executing: [find elements: By.xpath: //*[@class='shelf-item__thumb']])
23:40:00.775 INFO - Done: [find elements: By.xpath: //*[@class='shelf-item__thumb']]
23:40:00.786 INFO - Executing: [find elements: By.xpath: //*[@type='checkbox' and @value='XS']])
23:40:00.816 INFO - Done: [find elements: By.xpath: //*[@type='checkbox' and @value='XS']]
23:40:00.824 INFO - Executing: [find elements: By.xpath: //*[@type='checkbox' and @value='S']/following-sibling::span])
23:40:00.846 INFO - Done: [find elements: By.xpath: //*[@type='checkbox' and @value='S']/following-sibling::span]
23:40:00.853 INFO - Executing: [find elements: By.xpath: //*[@type='checkbox' and @value='M']/following-sibling::span])
23:40:00.873 INFO - Done: [find elements: By.xpath: //*[@type='checkbox' and @value='M']/following-sibling::span]
23:40:00.881 INFO - Executing: [find elements: By.xpath: //*[@type='checkbox' and @value='ML']/following-sibling::span])
23:40:00.902 INFO - Done: [find elements: By.xpath: //*[@type='checkbox' and @value='ML']/following-sibling::span]
23:40:00.909 INFO - Executing: [find elements: By.xpath: //*[@type='checkbox' and @value='L']/following-sibling::span])
23:40:00.930 INFO - Done: [find elements: By.xpath: //*[@type='checkbox' and @value='L']/following-sibling::span]
23:40:00.938 INFO - Executing: [find elements: By.xpath: //*[@type='checkbox' and @value='XL']/following-sibling::span])
23:40:00.959 INFO - Done: [find elements: By.xpath: //*[@type='checkbox' and @value='XL']/following-sibling::span]
23:40:00.967 INFO - Executing: [find elements: By.xpath: //*[@type='checkbox' and @value='XXL']/following-sibling::span])
23:40:00.988 INFO - Done: [find elements: By.xpath: //*[@type='checkbox' and @value='XXL']/following-sibling::span]
23:40:00.997 INFO - Executing: [find elements: By.xpath: (//*[@class='shelf-item__buy-btn'])[16]])
23:40:01.019 INFO - Done: [find elements: By.xpath: (//*[@class='shelf-item__buy-btn'])[16]]
23:40:01.026 INFO - Executing: [delete session: 2a174070-4707-4295-a85d-c406ab6dd0a3])
23:40:02.335 INFO - Done: [delete session: 2a174070-4707-4295-a85d-c406ab6dd0a3]
23:40:02.366 INFO - Executing: [new session: Capabilities [{acceptSslCerts=true, marionette=true, name=Test Shopping Cart, browserName=chrome, javascriptEnabled=true, platform=ANY}]])
23:40:02.366 INFO - Creating a new session for Capabilities [{acceptSslCerts=true, marionette=true, name=Test Shopping Cart, browserName=chrome, javascriptEnabled=true, platform=ANY}]
Starting ChromeDriver 74.0.3729.6 (255758eccf3d244491b8a1317aa76e1ce10d57e9-refs/branch-heads/3729@{#29}) on port 14131
Only local connections are allowed.
Please protect ports used by ChromeDriver and related test frameworks to prevent access by malicious code.
[1564458004.063][WARNING]: This version of ChromeDriver has not been tested with Chrome version 75.
23:40:05.102 INFO - Detected dialect: OSS
23:40:05.103 INFO - Done: [new session: Capabilities [{acceptSslCerts=true, marionette=true, name=Test Shopping Cart, browserName=chrome, javascriptEnabled=true, platform=ANY}]]
23:40:05.103 INFO - Executing: [get: https://react-shopping-cart-67954.firebaseapp.com/])
23:40:05.890 INFO - Done: [get: https://react-shopping-cart-67954.firebaseapp.com/]
23:40:05.900 INFO - Executing: [find elements: By.xpath: //*[@class='products-found']/span])
23:40:05.930 INFO - Done: [find elements: By.xpath: //*[@class='products-found']/span]
23:40:05.938 INFO - Executing: [find elements: By.xpath: //*[@class='shelf-item__thumb']])
23:40:05.977 INFO - Done: [find elements: By.xpath: //*[@class='shelf-item__thumb']]
23:40:05.991 INFO - Executing: [find elements: By.xpath: //*[@type='checkbox' and @value='XS']])
23:40:06.016 INFO - Done: [find elements: By.xpath: //*[@type='checkbox' and @value='XS']]
23:40:06.023 INFO - Executing: [find elements: By.xpath: //*[@type='checkbox' and @value='S']/following-sibling::span])
23:40:06.044 INFO - Done: [find elements: By.xpath: //*[@type='checkbox' and @value='S']/following-sibling::span]
23:40:06.052 INFO - Executing: [find elements: By.xpath: //*[@type='checkbox' and @value='M']/following-sibling::span])
23:40:06.088 INFO - Done: [find elements: By.xpath: //*[@type='checkbox' and @value='M']/following-sibling::span]
23:40:06.097 INFO - Executing: [find elements: By.xpath: //*[@type='checkbox' and @value='ML']/following-sibling::span])
23:40:06.123 INFO - Done: [find elements: By.xpath: //*[@type='checkbox' and @value='ML']/following-sibling::span]
23:40:06.130 INFO - Executing: [find elements: By.xpath: //*[@type='checkbox' and @value='L']/following-sibling::span])
23:40:06.148 INFO - Done: [find elements: By.xpath: //*[@type='checkbox' and @value='L']/following-sibling::span]
23:40:06.153 INFO - Executing: [find elements: By.xpath: //*[@type='checkbox' and @value='XL']/following-sibling::span])
23:40:06.184 INFO - Done: [find elements: By.xpath: //*[@type='checkbox' and @value='XL']/following-sibling::span]
23:40:06.192 INFO - Executing: [find elements: By.xpath: //*[@type='checkbox' and @value='XXL']/following-sibling::span])
23:40:06.223 INFO - Done: [find elements: By.xpath: //*[@type='checkbox' and @value='XXL']/following-sibling::span]
23:40:06.238 INFO - Executing: [find elements: By.xpath: (//*[@class='shelf-item__buy-btn'])[16]])
23:40:06.254 INFO - Done: [find elements: By.xpath: (//*[@class='shelf-item__buy-btn'])[16]]
23:40:06.269 INFO - Executing: [find element: By.xpath: //*[@class='bag bag--float-cart-closed']])
23:40:06.301 INFO - Done: [find element: By.xpath: //*[@class='bag bag--float-cart-closed']]
23:40:06.301 INFO - Executing: [click: 25 [[ChromeDriver: chrome on XP (bdf0a7efed11f951e9464e4fdb760303)] -> xpath: //*[@class='bag bag--float-cart-closed']]])
23:40:06.347 INFO - Done: [click: 25 [[ChromeDriver: chrome on XP (bdf0a7efed11f951e9464e4fdb760303)] -> xpath: //*[@class='bag bag--float-cart-closed']]]
23:40:06.348 INFO - Executing: [find elements: By.xpath: //*[@class='buy-btn']])
23:40:06.369 INFO - Done: [find elements: By.xpath: //*[@class='buy-btn']]
23:40:06.376 INFO - Executing: [find elements: By.xpath: //*[@class='float-cart__close-btn']])
23:40:06.394 INFO - Done: [find elements: By.xpath: //*[@class='float-cart__close-btn']]
23:40:06.400 INFO - Executing: [find elements: By.xpath: //*[@class='sub-price__val']])
23:40:06.419 INFO - Done: [find elements: By.xpath: //*[@class='sub-price__val']]
23:40:06.424 INFO - Executing: [delete session: 5ecfe1e5-a452-48dc-872f-7de6f2582358])
23:40:07.676 INFO - Done: [delete session: 5ecfe1e5-a452-48dc-872f-7de6f2582358]
23:40:07.739 INFO - Executing: [new session: Capabilities [{acceptSslCerts=true, marionette=true, name=Test Shopping Cart, browserName=chrome, javascriptEnabled=true, platform=ANY}]])
23:40:07.739 INFO - Creating a new session for Capabilities [{acceptSslCerts=true, marionette=true, name=Test Shopping Cart, browserName=chrome, javascriptEnabled=true, platform=ANY}]
Starting ChromeDriver 74.0.3729.6 (255758eccf3d244491b8a1317aa76e1ce10d57e9-refs/branch-heads/3729@{#29}) on port 4530
Only local connections are allowed.
Please protect ports used by ChromeDriver and related test frameworks to prevent access by malicious code.
[1564458009.444][WARNING]: This version of ChromeDriver has not been tested with Chrome version 75.
23:40:10.534 INFO - Detected dialect: OSS
23:40:10.534 INFO - Done: [new session: Capabilities [{acceptSslCerts=true, marionette=true, name=Test Shopping Cart, browserName=chrome, javascriptEnabled=true, platform=ANY}]]
23:40:10.549 INFO - Executing: [get: https://react-shopping-cart-67954.firebaseapp.com/])
23:40:11.339 INFO - Done: [get: https://react-shopping-cart-67954.firebaseapp.com/]
23:40:11.345 INFO - Executing: [find elements: By.xpath: //*[@class='products-found']/span])
23:40:11.377 INFO - Done: [find elements: By.xpath: //*[@class='products-found']/span]
23:40:11.408 INFO - Executing: [find elements: By.xpath: //*[@class='shelf-item__thumb']])
23:40:11.457 INFO - Done: [find elements: By.xpath: //*[@class='shelf-item__thumb']]
23:40:11.474 INFO - Executing: [find elements: By.xpath: //*[@type='checkbox' and @value='XS']])
23:40:11.508 INFO - Done: [find elements: By.xpath: //*[@type='checkbox' and @value='XS']]
23:40:11.523 INFO - Executing: [find elements: By.xpath: //*[@type='checkbox' and @value='S']/following-sibling::span])
23:40:11.560 INFO - Done: [find elements: By.xpath: //*[@type='checkbox' and @value='S']/following-sibling::span]
23:40:11.568 INFO - Executing: [find elements: By.xpath: //*[@type='checkbox' and @value='M']/following-sibling::span])
23:40:11.609 INFO - Done: [find elements: By.xpath: //*[@type='checkbox' and @value='M']/following-sibling::span]
23:40:11.616 INFO - Executing: [find elements: By.xpath: //*[@type='checkbox' and @value='ML']/following-sibling::span])
23:40:11.644 INFO - Done: [find elements: By.xpath: //*[@type='checkbox' and @value='ML']/following-sibling::span]
23:40:11.650 INFO - Executing: [find elements: By.xpath: //*[@type='checkbox' and @value='L']/following-sibling::span])
23:40:11.681 INFO - Done: [find elements: By.xpath: //*[@type='checkbox' and @value='L']/following-sibling::span]
23:40:11.687 INFO - Executing: [find elements: By.xpath: //*[@type='checkbox' and @value='XL']/following-sibling::span])
23:40:11.706 INFO - Done: [find elements: By.xpath: //*[@type='checkbox' and @value='XL']/following-sibling::span]
23:40:11.713 INFO - Executing: [find elements: By.xpath: //*[@type='checkbox' and @value='XXL']/following-sibling::span])
23:40:11.757 INFO - Done: [find elements: By.xpath: //*[@type='checkbox' and @value='XXL']/following-sibling::span]
23:40:11.757 INFO - Executing: [find elements: By.xpath: (//*[@class='shelf-item__buy-btn'])[16]])
23:40:11.804 INFO - Done: [find elements: By.xpath: (//*[@class='shelf-item__buy-btn'])[16]]
23:40:11.804 INFO - Executing: [find elements: By.xpath: //*[@class='bag__quantity']])
23:40:11.851 INFO - Done: [find elements: By.xpath: //*[@class='bag__quantity']]
23:40:11.851 INFO - Executing: [get text: 25 [[ChromeDriver: chrome on XP (b9ceb8337a1e6e7141e12e53e55f1aee)] -> xpath: //*[@class='bag__quantity']]])
23:40:11.882 INFO - Done: [get text: 25 [[ChromeDriver: chrome on XP (b9ceb8337a1e6e7141e12e53e55f1aee)] -> xpath: //*[@class='bag__quantity']]]
23:40:11.882 INFO - Executing: [find element: By.xpath: //p[contains(text(),'Cat Tee')]/parent::div/child::div[@class='shelf-item__buy-btn']])
23:40:11.913 INFO - Done: [find element: By.xpath: //p[contains(text(),'Cat Tee')]/parent::div/child::div[@class='shelf-item__buy-btn']]
23:40:11.913 INFO - Executing: [click: 27 [[ChromeDriver: chrome on XP (b9ceb8337a1e6e7141e12e53e55f1aee)] -> xpath: //p[contains(text(),'Cat Tee')]/parent::div/child::div[@class='shelf-item__buy-btn']]])
23:40:11.983 INFO - Done: [click: 27 [[ChromeDriver: chrome on XP (b9ceb8337a1e6e7141e12e53e55f1aee)] -> xpath: //p[contains(text(),'Cat Tee')]/parent::div/child::div[@class='shelf-item__buy-btn']]]
23:40:11.990 INFO - Executing: [find element: By.xpath: //p[contains(text(),'Cat Tee')]/parent::div/child::div[@class='shelf-item__buy-btn']])
23:40:12.008 INFO - Done: [find element: By.xpath: //p[contains(text(),'Cat Tee')]/parent::div/child::div[@class='shelf-item__buy-btn']]
23:40:12.013 INFO - Executing: [click: 27 [[ChromeDriver: chrome on XP (b9ceb8337a1e6e7141e12e53e55f1aee)] -> xpath: //p[contains(text(),'Cat Tee')]/parent::div/child::div[@class='shelf-item__buy-btn']]])
23:40:12.060 INFO - Done: [click: 27 [[ChromeDriver: chrome on XP (b9ceb8337a1e6e7141e12e53e55f1aee)] -> xpath: //p[contains(text(),'Cat Tee')]/parent::div/child::div[@class='shelf-item__buy-btn']]]
23:40:12.066 INFO - Executing: [find element: By.xpath: //p[contains(text(),'Cat Tee')]/parent::div/child::div[@class='shelf-item__buy-btn']])
23:40:12.082 INFO - Done: [find element: By.xpath: //p[contains(text(),'Cat Tee')]/parent::div/child::div[@class='shelf-item__buy-btn']]
23:40:12.086 INFO - Executing: [click: 27 [[ChromeDriver: chrome on XP (b9ceb8337a1e6e7141e12e53e55f1aee)] -> xpath: //p[contains(text(),'Cat Tee')]/parent::div/child::div[@class='shelf-item__buy-btn']]])
23:40:12.136 INFO - Done: [click: 27 [[ChromeDriver: chrome on XP (b9ceb8337a1e6e7141e12e53e55f1aee)] -> xpath: //p[contains(text(),'Cat Tee')]/parent::div/child::div[@class='shelf-item__buy-btn']]]
23:40:12.141 INFO - Executing: [find elements: By.xpath: //*[@class='bag__quantity']])
23:40:12.157 INFO - Done: [find elements: By.xpath: //*[@class='bag__quantity']]
23:40:12.162 INFO - Executing: [get text: 26 [[ChromeDriver: chrome on XP (b9ceb8337a1e6e7141e12e53e55f1aee)] -> xpath: //*[@class='bag__quantity']]])
23:40:12.187 INFO - Done: [get text: 26 [[ChromeDriver: chrome on XP (b9ceb8337a1e6e7141e12e53e55f1aee)] -> xpath: //*[@class='bag__quantity']]]
23:40:12.194 INFO - Executing: [find elements: By.xpath: //*[@class='buy-btn']])
23:40:12.218 INFO - Done: [find elements: By.xpath: //*[@class='buy-btn']]
23:40:12.224 INFO - Executing: [find elements: By.xpath: //*[@class='float-cart__close-btn']])
23:40:12.245 INFO - Done: [find elements: By.xpath: //*[@class='float-cart__close-btn']]
23:40:12.252 INFO - Executing: [find elements: By.xpath: //*[@class='sub-price__val']])
23:40:12.271 INFO - Done: [find elements: By.xpath: //*[@class='sub-price__val']]
23:40:12.277 INFO - Executing: [find elements: By.xpath: //*[@class='sub-price__val']])
23:40:12.324 INFO - Done: [find elements: By.xpath: //*[@class='sub-price__val']]
23:40:12.340 INFO - Executing: [get text: 30 [[ChromeDriver: chrome on XP (b9ceb8337a1e6e7141e12e53e55f1aee)] -> xpath: //*[@class='sub-price__val']]])
23:40:12.371 INFO - Done: [get text: 30 [[ChromeDriver: chrome on XP (b9ceb8337a1e6e7141e12e53e55f1aee)] -> xpath: //*[@class='sub-price__val']]]
23:40:12.371 INFO - Executing: [find element: By.xpath: //*[@class='float-cart__close-btn']])
23:40:12.402 INFO - Done: [find element: By.xpath: //*[@class='float-cart__close-btn']]
23:40:12.402 INFO - Executing: [click: 29 [[ChromeDriver: chrome on XP (b9ceb8337a1e6e7141e12e53e55f1aee)] -> xpath: //*[@class='float-cart__close-btn']]])
23:40:12.464 INFO - Done: [click: 29 [[ChromeDriver: chrome on XP (b9ceb8337a1e6e7141e12e53e55f1aee)] -> xpath: //*[@class='float-cart__close-btn']]]
23:40:17.491 INFO - Executing: [find elements: By.xpath: //*[@class='bag bag--float-cart-closed']])
23:40:17.571 INFO - Done: [find elements: By.xpath: //*[@class='bag bag--float-cart-closed']]
23:40:17.571 INFO - Executing: [delete session: 7639a3cf-89e4-4d03-be0c-2d27feffb749])
23:40:18.805 INFO - Done: [delete session: 7639a3cf-89e4-4d03-be0c-2d27feffb749]
23:40:18.885 INFO - Executing: [new session: Capabilities [{acceptSslCerts=true, marionette=true, name=Test Shopping Cart, browserName=chrome, javascriptEnabled=true, platform=ANY}]])
23:40:18.885 INFO - Creating a new session for Capabilities [{acceptSslCerts=true, marionette=true, name=Test Shopping Cart, browserName=chrome, javascriptEnabled=true, platform=ANY}]
Starting ChromeDriver 74.0.3729.6 (255758eccf3d244491b8a1317aa76e1ce10d57e9-refs/branch-heads/3729@{#29}) on port 15065
Only local connections are allowed.
Please protect ports used by ChromeDriver and related test frameworks to prevent access by malicious code.
[1564458020.549][WARNING]: This version of ChromeDriver has not been tested with Chrome version 75.
23:40:21.638 INFO - Detected dialect: OSS
23:40:21.638 INFO - Done: [new session: Capabilities [{acceptSslCerts=true, marionette=true, name=Test Shopping Cart, browserName=chrome, javascriptEnabled=true, platform=ANY}]]
23:40:21.639 INFO - Executing: [get: https://react-shopping-cart-67954.firebaseapp.com/])
23:40:22.863 INFO - Done: [get: https://react-shopping-cart-67954.firebaseapp.com/]
23:40:22.872 INFO - Executing: [find elements: By.xpath: //*[@class='products-found']/span])
23:40:22.911 INFO - Done: [find elements: By.xpath: //*[@class='products-found']/span]
23:40:22.921 INFO - Executing: [find elements: By.xpath: //*[@class='shelf-item__thumb']])
23:40:22.944 INFO - Done: [find elements: By.xpath: //*[@class='shelf-item__thumb']]
23:40:22.950 INFO - Executing: [find elements: By.xpath: //*[@type='checkbox' and @value='XS']])
23:40:22.968 INFO - Done: [find elements: By.xpath: //*[@type='checkbox' and @value='XS']]
23:40:22.974 INFO - Executing: [find elements: By.xpath: //*[@type='checkbox' and @value='S']/following-sibling::span])
23:40:22.994 INFO - Done: [find elements: By.xpath: //*[@type='checkbox' and @value='S']/following-sibling::span]
23:40:22.999 INFO - Executing: [find elements: By.xpath: //*[@type='checkbox' and @value='M']/following-sibling::span])
23:40:23.017 INFO - Done: [find elements: By.xpath: //*[@type='checkbox' and @value='M']/following-sibling::span]
23:40:23.023 INFO - Executing: [find elements: By.xpath: //*[@type='checkbox' and @value='ML']/following-sibling::span])
23:40:23.038 INFO - Done: [find elements: By.xpath: //*[@type='checkbox' and @value='ML']/following-sibling::span]
23:40:23.043 INFO - Executing: [find elements: By.xpath: //*[@type='checkbox' and @value='L']/following-sibling::span])
23:40:23.059 INFO - Done: [find elements: By.xpath: //*[@type='checkbox' and @value='L']/following-sibling::span]
23:40:23.064 INFO - Executing: [find elements: By.xpath: //*[@type='checkbox' and @value='XL']/following-sibling::span])
23:40:23.081 INFO - Done: [find elements: By.xpath: //*[@type='checkbox' and @value='XL']/following-sibling::span]
23:40:23.088 INFO - Executing: [find elements: By.xpath: //*[@type='checkbox' and @value='XXL']/following-sibling::span])
23:40:23.120 INFO - Done: [find elements: By.xpath: //*[@type='checkbox' and @value='XXL']/following-sibling::span]
23:40:23.136 INFO - Executing: [find elements: By.xpath: (//*[@class='shelf-item__buy-btn'])[16]])
23:40:23.152 INFO - Done: [find elements: By.xpath: (//*[@class='shelf-item__buy-btn'])[16]]
23:40:23.167 INFO - Executing: [find element: By.xpath: //p[contains(text(),'Cat Tee')]/parent::div/child::div[@class='shelf-item__buy-btn']])
23:40:23.183 INFO - Done: [find element: By.xpath: //p[contains(text(),'Cat Tee')]/parent::div/child::div[@class='shelf-item__buy-btn']]
23:40:23.184 INFO - Executing: [click: 25 [[ChromeDriver: chrome on XP (2932d6a8929237f286eb4d9ab82bd1f0)] -> xpath: //p[contains(text(),'Cat Tee')]/parent::div/child::div[@class='shelf-item__buy-btn']]])
23:40:23.254 INFO - Done: [click: 25 [[ChromeDriver: chrome on XP (2932d6a8929237f286eb4d9ab82bd1f0)] -> xpath: //p[contains(text(),'Cat Tee')]/parent::div/child::div[@class='shelf-item__buy-btn']]]
23:40:23.258 INFO - Executing: [find element: By.xpath: //p[contains(text(),'Cat Tee')]/parent::div/child::div[@class='shelf-item__buy-btn']])
23:40:23.271 INFO - Done: [find element: By.xpath: //p[contains(text(),'Cat Tee')]/parent::div/child::div[@class='shelf-item__buy-btn']]
23:40:23.275 INFO - Executing: [click: 25 [[ChromeDriver: chrome on XP (2932d6a8929237f286eb4d9ab82bd1f0)] -> xpath: //p[contains(text(),'Cat Tee')]/parent::div/child::div[@class='shelf-item__buy-btn']]])
23:40:23.326 INFO - Done: [click: 25 [[ChromeDriver: chrome on XP (2932d6a8929237f286eb4d9ab82bd1f0)] -> xpath: //p[contains(text(),'Cat Tee')]/parent::div/child::div[@class='shelf-item__buy-btn']]]
23:40:23.331 INFO - Executing: [find element: By.xpath: //p[contains(text(),'Dark Thug')]/parent::div/child::div[@class='shelf-item__buy-btn']])
23:40:23.348 INFO - Done: [find element: By.xpath: //p[contains(text(),'Dark Thug')]/parent::div/child::div[@class='shelf-item__buy-btn']]
23:40:23.352 INFO - Executing: [click: 26 [[ChromeDriver: chrome on XP (2932d6a8929237f286eb4d9ab82bd1f0)] -> xpath: //p[contains(text(),'Dark Thug')]/parent::div/child::div[@class='shelf-item__buy-btn']]])
23:40:23.428 INFO - Done: [click: 26 [[ChromeDriver: chrome on XP (2932d6a8929237f286eb4d9ab82bd1f0)] -> xpath: //p[contains(text(),'Dark Thug')]/parent::div/child::div[@class='shelf-item__buy-btn']]]
23:40:23.433 INFO - Executing: [find element: By.xpath: //p[contains(text(),'Cat Tee')]/parent::div/child::div[@class='shelf-item__buy-btn']])
23:40:23.447 INFO - Done: [find element: By.xpath: //p[contains(text(),'Cat Tee')]/parent::div/child::div[@class='shelf-item__buy-btn']]
23:40:23.452 INFO - Executing: [click: 25 [[ChromeDriver: chrome on XP (2932d6a8929237f286eb4d9ab82bd1f0)] -> xpath: //p[contains(text(),'Cat Tee')]/parent::div/child::div[@class='shelf-item__buy-btn']]])
23:40:23.500 INFO - Done: [click: 25 [[ChromeDriver: chrome on XP (2932d6a8929237f286eb4d9ab82bd1f0)] -> xpath: //p[contains(text(),'Cat Tee')]/parent::div/child::div[@class='shelf-item__buy-btn']]]
23:40:23.504 INFO - Executing: [find element: By.xpath: //p[contains(text(),'Dark Thug')]/parent::div/child::div[@class='shelf-item__buy-btn']])
23:40:23.516 INFO - Done: [find element: By.xpath: //p[contains(text(),'Dark Thug')]/parent::div/child::div[@class='shelf-item__buy-btn']]
23:40:23.521 INFO - Executing: [click: 26 [[ChromeDriver: chrome on XP (2932d6a8929237f286eb4d9ab82bd1f0)] -> xpath: //p[contains(text(),'Dark Thug')]/parent::div/child::div[@class='shelf-item__buy-btn']]])
23:40:23.573 INFO - Done: [click: 26 [[ChromeDriver: chrome on XP (2932d6a8929237f286eb4d9ab82bd1f0)] -> xpath: //p[contains(text(),'Dark Thug')]/parent::div/child::div[@class='shelf-item__buy-btn']]]
23:40:23.578 INFO - Executing: [find elements: By.xpath: //*[@class='bag__quantity']])
23:40:23.596 INFO - Done: [find elements: By.xpath: //*[@class='bag__quantity']]
23:40:23.601 INFO - Executing: [get text: 27 [[ChromeDriver: chrome on XP (2932d6a8929237f286eb4d9ab82bd1f0)] -> xpath: //*[@class='bag__quantity']]])
23:40:23.622 INFO - Done: [get text: 27 [[ChromeDriver: chrome on XP (2932d6a8929237f286eb4d9ab82bd1f0)] -> xpath: //*[@class='bag__quantity']]]
23:40:23.627 INFO - Executing: [find elements: By.xpath: //*[@class='buy-btn']])
23:40:23.646 INFO - Done: [find elements: By.xpath: //*[@class='buy-btn']]
23:40:23.652 INFO - Executing: [find elements: By.xpath: //*[@class='float-cart__close-btn']])
23:40:23.670 INFO - Done: [find elements: By.xpath: //*[@class='float-cart__close-btn']]
23:40:23.675 INFO - Executing: [find elements: By.xpath: //*[@class='sub-price__val']])
23:40:23.692 INFO - Done: [find elements: By.xpath: //*[@class='sub-price__val']]
23:40:23.698 INFO - Executing: [find element: By.xpath: //*[@class='shelf-item__del']])
23:40:23.713 INFO - Done: [find element: By.xpath: //*[@class='shelf-item__del']]
23:40:23.717 INFO - Executing: [click: 31 [[ChromeDriver: chrome on XP (2932d6a8929237f286eb4d9ab82bd1f0)] -> xpath: //*[@class='shelf-item__del']]])
23:40:23.776 INFO - Done: [click: 31 [[ChromeDriver: chrome on XP (2932d6a8929237f286eb4d9ab82bd1f0)] -> xpath: //*[@class='shelf-item__del']]]
23:40:23.782 INFO - Executing: [find elements: By.xpath: //*[@class='bag__quantity']])
23:40:23.801 INFO - Done: [find elements: By.xpath: //*[@class='bag__quantity']]
23:40:23.806 INFO - Executing: [get text: 27 [[ChromeDriver: chrome on XP (2932d6a8929237f286eb4d9ab82bd1f0)] -> xpath: //*[@class='bag__quantity']]])
23:40:23.820 INFO - Done: [get text: 27 [[ChromeDriver: chrome on XP (2932d6a8929237f286eb4d9ab82bd1f0)] -> xpath: //*[@class='bag__quantity']]]
23:40:23.826 INFO - Executing: [find element: By.xpath: //*[@class='float-cart__close-btn']])
23:40:23.843 INFO - Done: [find element: By.xpath: //*[@class='float-cart__close-btn']]
23:40:23.847 INFO - Executing: [click: 29 [[ChromeDriver: chrome on XP (2932d6a8929237f286eb4d9ab82bd1f0)] -> xpath: //*[@class='float-cart__close-btn']]])
23:40:23.900 INFO - Done: [click: 29 [[ChromeDriver: chrome on XP (2932d6a8929237f286eb4d9ab82bd1f0)] -> xpath: //*[@class='float-cart__close-btn']]]
23:40:28.942 INFO - Executing: [find elements: By.xpath: //*[@class='bag bag--float-cart-closed']])
23:40:29.020 INFO - Done: [find elements: By.xpath: //*[@class='bag bag--float-cart-closed']]
23:40:29.020 INFO - Executing: [delete session: 0e056546-e869-4642-ad9d-33934abc1547])
23:40:30.207 INFO - Done: [delete session: 0e056546-e869-4642-ad9d-33934abc1547]
23:40:30.254 INFO - Executing: [new session: Capabilities [{acceptSslCerts=true, marionette=true, name=Test Shopping Cart, browserName=chrome, javascriptEnabled=true, platform=ANY}]])
23:40:30.254 INFO - Creating a new session for Capabilities [{acceptSslCerts=true, marionette=true, name=Test Shopping Cart, browserName=chrome, javascriptEnabled=true, platform=ANY}]
Starting ChromeDriver 74.0.3729.6 (255758eccf3d244491b8a1317aa76e1ce10d57e9-refs/branch-heads/3729@{#29}) on port 1480
Only local connections are allowed.
Please protect ports used by ChromeDriver and related test frameworks to prevent access by malicious code.
[1564458031.838][WARNING]: This version of ChromeDriver has not been tested with Chrome version 75.
23:40:32.884 INFO - Detected dialect: OSS
23:40:32.900 INFO - Done: [new session: Capabilities [{acceptSslCerts=true, marionette=true, name=Test Shopping Cart, browserName=chrome, javascriptEnabled=true, platform=ANY}]]
23:40:32.900 INFO - Executing: [get: https://react-shopping-cart-67954.firebaseapp.com/])
23:40:33.710 INFO - Done: [get: https://react-shopping-cart-67954.firebaseapp.com/]
23:40:33.717 INFO - Executing: [find elements: By.xpath: //*[@class='products-found']/span])
23:40:33.747 INFO - Done: [find elements: By.xpath: //*[@class='products-found']/span]
23:40:33.755 INFO - Executing: [find elements: By.xpath: //*[@class='shelf-item__thumb']])
23:40:33.790 INFO - Done: [find elements: By.xpath: //*[@class='shelf-item__thumb']]
23:40:33.800 INFO - Executing: [find elements: By.xpath: //*[@type='checkbox' and @value='XS']])
23:40:33.819 INFO - Done: [find elements: By.xpath: //*[@type='checkbox' and @value='XS']]
23:40:33.826 INFO - Executing: [find elements: By.xpath: //*[@type='checkbox' and @value='S']/following-sibling::span])
23:40:33.848 INFO - Done: [find elements: By.xpath: //*[@type='checkbox' and @value='S']/following-sibling::span]
23:40:33.855 INFO - Executing: [find elements: By.xpath: //*[@type='checkbox' and @value='M']/following-sibling::span])
23:40:33.883 INFO - Done: [find elements: By.xpath: //*[@type='checkbox' and @value='M']/following-sibling::span]
23:40:33.899 INFO - Executing: [find elements: By.xpath: //*[@type='checkbox' and @value='ML']/following-sibling::span])
23:40:33.925 INFO - Done: [find elements: By.xpath: //*[@type='checkbox' and @value='ML']/following-sibling::span]
23:40:33.930 INFO - Executing: [find elements: By.xpath: //*[@type='checkbox' and @value='L']/following-sibling::span])
23:40:33.947 INFO - Done: [find elements: By.xpath: //*[@type='checkbox' and @value='L']/following-sibling::span]
23:40:33.954 INFO - Executing: [find elements: By.xpath: //*[@type='checkbox' and @value='XL']/following-sibling::span])
23:40:33.971 INFO - Done: [find elements: By.xpath: //*[@type='checkbox' and @value='XL']/following-sibling::span]
23:40:33.976 INFO - Executing: [find elements: By.xpath: //*[@type='checkbox' and @value='XXL']/following-sibling::span])
23:40:33.992 INFO - Done: [find elements: By.xpath: //*[@type='checkbox' and @value='XXL']/following-sibling::span]
23:40:33.997 INFO - Executing: [find elements: By.xpath: (//*[@class='shelf-item__buy-btn'])[16]])
23:40:34.015 INFO - Done: [find elements: By.xpath: (//*[@class='shelf-item__buy-btn'])[16]]
23:40:34.019 INFO - Executing: [find element: By.xpath: //*[@type='checkbox' and @value='S']/following-sibling::span])
23:40:34.036 INFO - Done: [find element: By.xpath: //*[@type='checkbox' and @value='S']/following-sibling::span]
23:40:34.040 INFO - Executing: [click: 18 [[ChromeDriver: chrome on XP (e604c0e1e95a4d9e78e7341c882e4ab6)] -> xpath: //*[@type='checkbox' and @value='S']/following-sibling::span]])
23:40:34.091 INFO - Done: [click: 18 [[ChromeDriver: chrome on XP (e604c0e1e95a4d9e78e7341c882e4ab6)] -> xpath: //*[@type='checkbox' and @value='S']/following-sibling::span]]
23:40:36.131 INFO - Executing: [find elements: By.xpath: //*[@class='products-found']/span])
23:40:36.162 INFO - Done: [find elements: By.xpath: //*[@class='products-found']/span]
23:40:36.178 INFO - Executing: [get text: 0 [[ChromeDriver: chrome on XP (e604c0e1e95a4d9e78e7341c882e4ab6)] -> xpath: //*[@class='products-found']/span]])
23:40:36.209 INFO - Done: [get text: 0 [[ChromeDriver: chrome on XP (e604c0e1e95a4d9e78e7341c882e4ab6)] -> xpath: //*[@class='products-found']/span]]
23:40:36.209 INFO - Executing: [find element: By.xpath: //*[@type='checkbox' and @value='S']/following-sibling::span])
23:40:36.225 INFO - Done: [find element: By.xpath: //*[@type='checkbox' and @value='S']/following-sibling::span]
23:40:36.225 INFO - Executing: [click: 18 [[ChromeDriver: chrome on XP (e604c0e1e95a4d9e78e7341c882e4ab6)] -> xpath: //*[@type='checkbox' and @value='S']/following-sibling::span]])
23:40:36.273 INFO - Done: [click: 18 [[ChromeDriver: chrome on XP (e604c0e1e95a4d9e78e7341c882e4ab6)] -> xpath: //*[@type='checkbox' and @value='S']/following-sibling::span]]
23:40:38.299 INFO - Executing: [find elements: By.xpath: //*[@class='products-found']/span])
23:40:38.331 INFO - Done: [find elements: By.xpath: //*[@class='products-found']/span]
23:40:38.346 INFO - Executing: [get text: 0 [[ChromeDriver: chrome on XP (e604c0e1e95a4d9e78e7341c882e4ab6)] -> xpath: //*[@class='products-found']/span]])
23:40:38.362 INFO - Done: [get text: 0 [[ChromeDriver: chrome on XP (e604c0e1e95a4d9e78e7341c882e4ab6)] -> xpath: //*[@class='products-found']/span]]
23:40:43.384 INFO - Executing: [delete session: 77bd8b17-f2da-4ccc-9c1b-c7b4397a4792])
23:40:44.695 INFO - Done: [delete session: 77bd8b17-f2da-4ccc-9c1b-c7b4397a4792]
23:40:44.757 INFO - Executing: [new session: Capabilities [{acceptSslCerts=true, marionette=true, name=Test Shopping Cart, browserName=chrome, javascriptEnabled=true, platform=ANY}]])
23:40:44.757 INFO - Creating a new session for Capabilities [{acceptSslCerts=true, marionette=true, name=Test Shopping Cart, browserName=chrome, javascriptEnabled=true, platform=ANY}]
Starting ChromeDriver 74.0.3729.6 (255758eccf3d244491b8a1317aa76e1ce10d57e9-refs/branch-heads/3729@{#29}) on port 25495
Only local connections are allowed.
Please protect ports used by ChromeDriver and related test frameworks to prevent access by malicious code.
[1564458046.427][WARNING]: This version of ChromeDriver has not been tested with Chrome version 75.
23:40:47.483 INFO - Detected dialect: OSS
23:40:47.514 INFO - Done: [new session: Capabilities [{acceptSslCerts=true, marionette=true, name=Test Shopping Cart, browserName=chrome, javascriptEnabled=true, platform=ANY}]]
23:40:47.514 INFO - Executing: [get: https://react-shopping-cart-67954.firebaseapp.com/])
23:40:48.283 INFO - Done: [get: https://react-shopping-cart-67954.firebaseapp.com/]
23:40:48.289 INFO - Executing: [find elements: By.xpath: //*[@class='products-found']/span])
23:40:48.318 INFO - Done: [find elements: By.xpath: //*[@class='products-found']/span]
23:40:48.324 INFO - Executing: [find elements: By.xpath: //*[@class='shelf-item__thumb']])
23:40:48.358 INFO - Done: [find elements: By.xpath: //*[@class='shelf-item__thumb']]
23:40:48.366 INFO - Executing: [find elements: By.xpath: //*[@type='checkbox' and @value='XS']])
23:40:48.388 INFO - Done: [find elements: By.xpath: //*[@type='checkbox' and @value='XS']]
23:40:48.394 INFO - Executing: [find elements: By.xpath: //*[@type='checkbox' and @value='S']/following-sibling::span])
23:40:48.417 INFO - Done: [find elements: By.xpath: //*[@type='checkbox' and @value='S']/following-sibling::span]
23:40:48.425 INFO - Executing: [find elements: By.xpath: //*[@type='checkbox' and @value='M']/following-sibling::span])
23:40:48.450 INFO - Done: [find elements: By.xpath: //*[@type='checkbox' and @value='M']/following-sibling::span]
23:40:48.458 INFO - Executing: [find elements: By.xpath: //*[@type='checkbox' and @value='ML']/following-sibling::span])
23:40:48.478 INFO - Done: [find elements: By.xpath: //*[@type='checkbox' and @value='ML']/following-sibling::span]
23:40:48.484 INFO - Executing: [find elements: By.xpath: //*[@type='checkbox' and @value='L']/following-sibling::span])
23:40:48.502 INFO - Done: [find elements: By.xpath: //*[@type='checkbox' and @value='L']/following-sibling::span]
23:40:48.507 INFO - Executing: [find elements: By.xpath: //*[@type='checkbox' and @value='XL']/following-sibling::span])
23:40:48.523 INFO - Done: [find elements: By.xpath: //*[@type='checkbox' and @value='XL']/following-sibling::span]
23:40:48.530 INFO - Executing: [find elements: By.xpath: //*[@type='checkbox' and @value='XXL']/following-sibling::span])
23:40:48.546 INFO - Done: [find elements: By.xpath: //*[@type='checkbox' and @value='XXL']/following-sibling::span]
23:40:48.552 INFO - Executing: [find elements: By.xpath: (//*[@class='shelf-item__buy-btn'])[16]])
23:40:48.568 INFO - Done: [find elements: By.xpath: (//*[@class='shelf-item__buy-btn'])[16]]
23:40:48.573 INFO - Executing: [find element: By.xpath: //*[@type='checkbox' and @value='L']/following-sibling::span])
23:40:48.589 INFO - Done: [find element: By.xpath: //*[@type='checkbox' and @value='L']/following-sibling::span]
23:40:48.593 INFO - Executing: [click: 21 [[ChromeDriver: chrome on XP (9ff922ad5eec0f73b330ac08a50eaaad)] -> xpath: //*[@type='checkbox' and @value='L']/following-sibling::span]])
23:40:48.646 INFO - Done: [click: 21 [[ChromeDriver: chrome on XP (9ff922ad5eec0f73b330ac08a50eaaad)] -> xpath: //*[@type='checkbox' and @value='L']/following-sibling::span]]
23:40:50.681 INFO - Executing: [find elements: By.xpath: //*[@class='products-found']/span])
23:40:50.728 INFO - Done: [find elements: By.xpath: //*[@class='products-found']/span]
23:40:50.744 INFO - Executing: [get text: 0 [[ChromeDriver: chrome on XP (9ff922ad5eec0f73b330ac08a50eaaad)] -> xpath: //*[@class='products-found']/span]])
23:40:50.775 INFO - Done: [get text: 0 [[ChromeDriver: chrome on XP (9ff922ad5eec0f73b330ac08a50eaaad)] -> xpath: //*[@class='products-found']/span]]
23:40:50.775 INFO - Executing: [find element: By.xpath: //*[@type='checkbox' and @value='L']/following-sibling::span])
23:40:50.790 INFO - Done: [find element: By.xpath: //*[@type='checkbox' and @value='L']/following-sibling::span]
23:40:50.806 INFO - Executing: [click: 21 [[ChromeDriver: chrome on XP (9ff922ad5eec0f73b330ac08a50eaaad)] -> xpath: //*[@type='checkbox' and @value='L']/following-sibling::span]])
23:40:50.837 INFO - Done: [click: 21 [[ChromeDriver: chrome on XP (9ff922ad5eec0f73b330ac08a50eaaad)] -> xpath: //*[@type='checkbox' and @value='L']/following-sibling::span]]
23:40:52.860 INFO - Executing: [find elements: By.xpath: //*[@class='products-found']/span])
23:40:52.907 INFO - Done: [find elements: By.xpath: //*[@class='products-found']/span]
23:40:52.923 INFO - Executing: [get text: 0 [[ChromeDriver: chrome on XP (9ff922ad5eec0f73b330ac08a50eaaad)] -> xpath: //*[@class='products-found']/span]])
23:40:52.970 INFO - Done: [get text: 0 [[ChromeDriver: chrome on XP (9ff922ad5eec0f73b330ac08a50eaaad)] -> xpath: //*[@class='products-found']/span]]
23:40:57.984 INFO - Executing: [delete session: 2b8610d2-7b57-4184-84f9-87bc5e486062])
23:40:59.280 INFO - Done: [delete session: 2b8610d2-7b57-4184-84f9-87bc5e486062]
23:40:59.296 INFO - Executing: [new session: Capabilities [{acceptSslCerts=true, marionette=true, name=Test Shopping Cart, browserName=chrome, javascriptEnabled=true, platform=ANY}]])
23:40:59.311 INFO - Creating a new session for Capabilities [{acceptSslCerts=true, marionette=true, name=Test Shopping Cart, browserName=chrome, javascriptEnabled=true, platform=ANY}]
Starting ChromeDriver 74.0.3729.6 (255758eccf3d244491b8a1317aa76e1ce10d57e9-refs/branch-heads/3729@{#29}) on port 35979
Only local connections are allowed.
Please protect ports used by ChromeDriver and related test frameworks to prevent access by malicious code.
[1564458060.912][WARNING]: This version of ChromeDriver has not been tested with Chrome version 75.
23:41:02.034 INFO - Detected dialect: OSS
23:41:02.034 INFO - Done: [new session: Capabilities [{acceptSslCerts=true, marionette=true, name=Test Shopping Cart, browserName=chrome, javascriptEnabled=true, platform=ANY}]]
23:41:02.034 INFO - Executing: [get: https://react-shopping-cart-67954.firebaseapp.com/])
23:41:02.773 INFO - Done: [get: https://react-shopping-cart-67954.firebaseapp.com/]
23:41:02.782 INFO - Executing: [find elements: By.xpath: //*[@class='products-found']/span])
23:41:02.813 INFO - Done: [find elements: By.xpath: //*[@class='products-found']/span]
23:41:02.821 INFO - Executing: [find elements: By.xpath: //*[@class='shelf-item__thumb']])
23:41:02.857 INFO - Done: [find elements: By.xpath: //*[@class='shelf-item__thumb']]
23:41:02.864 INFO - Executing: [find elements: By.xpath: //*[@type='checkbox' and @value='XS']])
23:41:02.905 INFO - Done: [find elements: By.xpath: //*[@type='checkbox' and @value='XS']]
23:41:02.913 INFO - Executing: [find elements: By.xpath: //*[@type='checkbox' and @value='S']/following-sibling::span])
23:41:02.935 INFO - Done: [find elements: By.xpath: //*[@type='checkbox' and @value='S']/following-sibling::span]
23:41:02.941 INFO - Executing: [find elements: By.xpath: //*[@type='checkbox' and @value='M']/following-sibling::span])
23:41:02.963 INFO - Done: [find elements: By.xpath: //*[@type='checkbox' and @value='M']/following-sibling::span]
23:41:02.969 INFO - Executing: [find elements: By.xpath: //*[@type='checkbox' and @value='ML']/following-sibling::span])
23:41:02.990 INFO - Done: [find elements: By.xpath: //*[@type='checkbox' and @value='ML']/following-sibling::span]
23:41:02.995 INFO - Executing: [find elements: By.xpath: //*[@type='checkbox' and @value='L']/following-sibling::span])
23:41:03.011 INFO - Done: [find elements: By.xpath: //*[@type='checkbox' and @value='L']/following-sibling::span]
23:41:03.015 INFO - Executing: [find elements: By.xpath: //*[@type='checkbox' and @value='XL']/following-sibling::span])
23:41:03.031 INFO - Done: [find elements: By.xpath: //*[@type='checkbox' and @value='XL']/following-sibling::span]
23:41:03.036 INFO - Executing: [find elements: By.xpath: //*[@type='checkbox' and @value='XXL']/following-sibling::span])
23:41:03.079 INFO - Done: [find elements: By.xpath: //*[@type='checkbox' and @value='XXL']/following-sibling::span]
23:41:03.079 INFO - Executing: [find elements: By.xpath: (//*[@class='shelf-item__buy-btn'])[16]])
23:41:03.095 INFO - Done: [find elements: By.xpath: (//*[@class='shelf-item__buy-btn'])[16]]
23:41:03.100 INFO - Executing: [find element: By.xpath: //*[@type='checkbox' and @value='XL']/following-sibling::span])
23:41:03.117 INFO - Done: [find element: By.xpath: //*[@type='checkbox' and @value='XL']/following-sibling::span]
23:41:03.120 INFO - Executing: [click: 22 [[ChromeDriver: chrome on XP (e6c45d783b53eeb0e8cd214efe30e3de)] -> xpath: //*[@type='checkbox' and @value='XL']/following-sibling::span]])
23:41:03.172 INFO - Done: [click: 22 [[ChromeDriver: chrome on XP (e6c45d783b53eeb0e8cd214efe30e3de)] -> xpath: //*[@type='checkbox' and @value='XL']/following-sibling::span]]
23:41:05.215 INFO - Executing: [find elements: By.xpath: //*[@class='products-found']/span])
23:41:05.246 INFO - Done: [find elements: By.xpath: //*[@class='products-found']/span]
23:41:05.262 INFO - Executing: [get text: 0 [[ChromeDriver: chrome on XP (e6c45d783b53eeb0e8cd214efe30e3de)] -> xpath: //*[@class='products-found']/span]])
23:41:05.293 INFO - Done: [get text: 0 [[ChromeDriver: chrome on XP (e6c45d783b53eeb0e8cd214efe30e3de)] -> xpath: //*[@class='products-found']/span]]
23:41:05.293 INFO - Executing: [find element: By.xpath: //*[@type='checkbox' and @value='XL']/following-sibling::span])
23:41:05.309 INFO - Done: [find element: By.xpath: //*[@type='checkbox' and @value='XL']/following-sibling::span]
23:41:05.309 INFO - Executing: [click: 22 [[ChromeDriver: chrome on XP (e6c45d783b53eeb0e8cd214efe30e3de)] -> xpath: //*[@type='checkbox' and @value='XL']/following-sibling::span]])
23:41:05.356 INFO - Done: [click: 22 [[ChromeDriver: chrome on XP (e6c45d783b53eeb0e8cd214efe30e3de)] -> xpath: //*[@type='checkbox' and @value='XL']/following-sibling::span]]
23:41:07.386 INFO - Executing: [find elements: By.xpath: //*[@class='products-found']/span])
23:41:07.433 INFO - Done: [find elements: By.xpath: //*[@class='products-found']/span]
23:41:07.433 INFO - Executing: [get text: 0 [[ChromeDriver: chrome on XP (e6c45d783b53eeb0e8cd214efe30e3de)] -> xpath: //*[@class='products-found']/span]])
23:41:07.449 INFO - Done: [get text: 0 [[ChromeDriver: chrome on XP (e6c45d783b53eeb0e8cd214efe30e3de)] -> xpath: //*[@class='products-found']/span]]
23:41:12.477 INFO - Executing: [delete session: ebd16e9b-4ff5-4b58-9aa1-7d2c0e5b28ec])
23:41:13.725 INFO - Done: [delete session: ebd16e9b-4ff5-4b58-9aa1-7d2c0e5b28ec]
